2018-12-28 18:14:16,520 - elsapy.elsclient - INFO - Module loaded.
2018-12-28 18:14:16,522 - elsapy.elsentity - INFO - Module loaded.
2018-12-28 18:14:16,522 - elsapy.elsprofile - INFO - Module loaded.
2018-12-28 18:14:16,524 - elsapy.elsdoc - INFO - Module loaded.
2018-12-28 18:14:16,525 - elsapy.elssearch - INFO - Module loaded.
2018-12-28 18:14:31,568 - elsapy.elsclient - INFO - Sending GET request to https://api.elsevier.com/content/search/scopus?query=Machine+Translation&cursor=*
2018-12-28 18:14:35,051 - elsapy.elsclient - INFO - Sending GET request to https://api.elsevier.com/content/search/scopus?cursor=AoNRzIJNCDDKqT4yMi1zMi4wLTg1MDU4ODI0MTY1&count=25&query=Machine+Translation
2018-12-28 18:14:37,821 - elsapy.elsclient - INFO - Sending GET request to https://api.elsevier.com/content/search/scopus?cursor=AoNdxYJNCDEKK14yMi1zMi4wLTg1MDU0NDgzMjg4&count=25&query=Machine+Translation
2018-12-28 18:14:41,068 - elsapy.elsclient - INFO - Sending GET request to https://api.elsevier.com/content/search/scopus?cursor=AoNXwIJNCDCYCWYyMi1zMi4wLTg1MDU2NjYwODAy&count=25&query=Machine+Translation
2018-12-28 18:14:43,691 - elsapy.elsclient - INFO - Sending GET request to https://api.elsevier.com/content/search/scopus?cursor=AoNZv4JNCDD49MYyMi1zMi4wLTg1MDUyODczNjM5&count=25&query=Machine+Translation
2018-12-28 18:14:46,828 - elsapy.elsclient - INFO - Sending GET request to https://api.elsevier.com/content/search/scopus?cursor=AoNZv4JNCDCFCDkyMi1zMi4wLTg1MDQxODk1NTg1&count=25&query=Machine+Translation
2018-12-28 18:14:49,004 - elsapy.elsclient - INFO - Sending GET request to https://api.elsevier.com/content/search/scopus?cursor=AoNTuoJNCEUH%2FXYyMi1zMi4wLTg1MDU3NjA0MzE4&count=25&query=Machine+Translation
2018-12-28 18:14:50,979 - elsapy.elsclient - INFO - Sending GET request to https://api.elsevier.com/content/search/scopus?cursor=AoNVuYJNCEcNbjAyMi1zMi4wLTg1MDU3MTIzODA5&count=25&query=Machine+Translation
2018-12-28 18:14:53,165 - elsapy.elsclient - INFO - Sending GET request to https://api.elsevier.com/content/search/scopus?cursor=AoNVuYJNCEYHJFQyMi1zMi4wLTg1MDU0ODcxMTM5&count=25&query=Machine+Translation
2018-12-28 18:14:56,354 - elsapy.elsclient - INFO - Sending GET request to https://api.elsevier.com/content/search/scopus?cursor=AoNVuYJNCEVBWp8yMi1zMi4wLTg1MDU1MTI5NTA2&count=25&query=Machine+Translation
2018-12-28 18:14:58,148 - elsapy.elsclient - INFO - Sending GET request to https://api.elsevier.com/content/search/scopus?cursor=AoNVuYJNCEQV3hQyMi1zMi4wLTg1MDU1MTEyMTYx&count=25&query=Machine+Translation
2018-12-28 18:15:00,032 - elsapy.elsclient - INFO - Sending GET request to https://api.elsevier.com/content/search/scopus?cursor=AoNVuYJNCEMN8%2FgyMi1zMi4wLTg1MDQ2NjUzODc1&count=25&query=Machine+Translation
2018-12-28 18:15:01,914 - elsapy.elsclient - INFO - Sending GET request to https://api.elsevier.com/content/search/scopus?cursor=AoNVuYJNCDEys%2F0yMi1zMi4wLTg1MDQ5ODM3Mjk4&count=25&query=Machine+Translation
2018-12-28 18:15:06,216 - elsapy.elsclient - INFO - Sending GET request to https://api.elsevier.com/content/search/scopus?cursor=AoNVuYJNCDEG37cyMi1zMi4wLTg1MDUxNjcxODc1&count=25&query=Machine+Translation
2018-12-28 18:15:08,194 - elsapy.elsclient - INFO - Sending GET request to https://api.elsevier.com/content/search/scopus?cursor=AoNVuYJNCDDkDhgyMi1zMi4wLTg1MDUyMDA0MDU2&count=25&query=Machine+Translation
2018-12-28 18:15:10,623 - elsapy.elsclient - INFO - Sending GET request to https://api.elsevier.com/content/search/scopus?cursor=AoNVuYJNCDC373kyMi1zMi4wLTg1MDU0MzU5NzMz&count=25&query=Machine+Translation
2018-12-28 18:15:12,550 - elsapy.elsclient - INFO - Sending GET request to https://api.elsevier.com/content/search/scopus?cursor=AoNVuYJNCDBYNQQyMi1zMi4wLTg1MDU4NzQwMDc5&count=25&query=Machine+Translation
2018-12-28 18:15:14,915 - elsapy.elsclient - INFO - Sending GET request to https://api.elsevier.com/content/search/scopus?cursor=AoNRjv5MCDC%2BC78yMi1zMi4wLTg1MDM3NjQ0NjIz&count=25&query=Machine+Translation
2018-12-28 18:15:16,856 - elsapy.elsclient - INFO - Sending GET request to https://api.elsevier.com/content/search/scopus?cursor=AoNbjf5MCEUAb8MyMi1zMi4wLTg1MDU4MjkwMjM1&count=25&query=Machine+Translation
2018-12-28 18:15:18,695 - elsapy.elsclient - INFO - Sending GET request to https://api.elsevier.com/content/search/scopus?cursor=AoNVjf5MCDAYCWYyMi1zMi4wLTg1MDUzNTIwODg0&count=25&query=Machine+Translation
2018-12-28 18:15:20,702 - elsapy.elsclient - INFO - Sending GET request to https://api.elsevier.com/content/search/scopus?cursor=AoNRjf5MCEZnqbAyMi1zMi4wLTg1MDU3Mjk1NzA4&count=25&query=Machine+Translation
2018-12-28 18:15:22,541 - elsapy.elsclient - INFO - Sending GET request to https://api.elsevier.com/content/search/scopus?cursor=AoNRjf5MCEVg7AYyMi1zMi4wLTg1MDQ2ODI2OTk5&count=25&query=Machine+Translation
2018-12-28 18:15:24,483 - elsapy.elsclient - INFO - Sending GET request to https://api.elsevier.com/content/search/scopus?cursor=AoNRjf5MCEUAb8MyMi1zMi4wLTg1MDQ2NzczNjA0&count=25&query=Machine+Translation
2018-12-28 18:15:26,859 - elsapy.elsclient - INFO - Sending GET request to https://api.elsevier.com/content/search/scopus?cursor=AoNRjf5MCEMq6pYyMi1zMi4wLTg1MDU4ODEwMjYx&count=25&query=Machine+Translation
2018-12-28 18:15:28,848 - elsapy.elsclient - INFO - Sending GET request to https://api.elsevier.com/content/search/scopus?cursor=AoNRjf5MCEMN8%2FgyMi1zMi4wLTg1MDU0NzEzODAz&count=25&query=Machine+Translation
2018-12-28 18:16:04,627 - elsapy.elsclient - INFO - Sending GET request to https://api.elsevier.com/content/search/scopus?query=Machine+Translation+AND+emotion&cursor=*
2018-12-28 18:16:07,832 - elsapy.elsclient - INFO - Sending GET request to https://api.elsevier.com/content/search/scopus?cursor=AoNajf5MCDCgIIgyMi1zMi4wLTg1MDUzMDA4OTE3&count=25&query=Machine+Translation+AND+emotion
2018-12-28 18:16:10,121 - elsapy.elsclient - INFO - Sending GET request to https://api.elsevier.com/content/search/scopus?cursor=AoNZh%2F5MCDClk%2BYyMi1zMi4wLTg1MDU3MTI0MTkz&count=25&query=Machine+Translation+AND+emotion
2018-12-28 18:16:12,579 - elsapy.elsclient - INFO - Sending GET request to https://api.elsevier.com/content/search/scopus?cursor=AoNagf5MCDE9YKUyMi1zMi4wLTg1MDU3MDgwNzk5&count=25&query=Machine+Translation+AND+emotion
2018-12-28 18:16:16,527 - elsapy.elsclient - INFO - Sending GET request to https://api.elsevier.com/content/search/scopus?cursor=AoNagP5MCDDf5C8yMi1zMi4wLTg1MDU1MDk2NjQ1&count=25&query=Machine+Translation+AND+emotion
2018-12-28 18:16:18,806 - elsapy.elsclient - INFO - Sending GET request to https://api.elsevier.com/content/search/scopus?cursor=AoNb%2Bv1MCEMXEfUyMi1zMi4wLTg1MDU4Njk2NTc0&count=25&query=Machine+Translation+AND+emotion
2018-12-28 18:16:21,287 - elsapy.elsclient - INFO - Sending GET request to https://api.elsevier.com/content/search/scopus?cursor=AoNf9P1MCELxtlUyMi1zMi4wLTg1MDU2MDk0MDI2&count=25&query=Machine+Translation+AND+emotion
2018-12-28 18:16:23,343 - elsapy.elsclient - INFO - Sending GET request to https://api.elsevier.com/content/search/scopus?cursor=AoNf7v1MCDEVcZYyMi1zMi4wLTg1MDUxNTIxMDE2&count=25&query=Machine+Translation+AND+emotion
2018-12-28 18:16:25,364 - elsapy.elsclient - INFO - Sending GET request to https://api.elsevier.com/content/search/scopus?cursor=AoNf6P1MCEOclgAyMi1zMi4wLTg1MDUxMjA0NDY4&count=25&query=Machine+Translation+AND+emotion
2018-12-28 18:16:27,267 - elsapy.elsclient - INFO - Sending GET request to https://api.elsevier.com/content/search/scopus?cursor=AoNZ5%2F1MCDB%2F4DYyMi1zMi4wLTg1MDQ0NTcwMjU0&count=25&query=Machine+Translation+AND+emotion
2018-12-28 18:16:29,286 - elsapy.elsclient - INFO - Sending GET request to https://api.elsevier.com/content/search/scopus?cursor=AoNV4f1MCDDf5C8yMi1zMi4wLTg1MDQ0NTk2NTUy&count=25&query=Machine+Translation+AND+emotion
2018-12-28 18:16:31,298 - elsapy.elsclient - INFO - Sending GET request to https://api.elsevier.com/content/search/scopus?cursor=AoNR2%2F1MCEMiO2UyMi1zMi4wLTg1MDQxNjE5MTIx&count=25&query=Machine+Translation+AND+emotion
2018-12-28 18:16:33,338 - elsapy.elsclient - INFO - Sending GET request to https://api.elsevier.com/content/search/scopus?cursor=AoNd1P1MCEUH%2FXYyMi1zMi4wLTg1MDI4NjEyNjkx&count=25&query=Machine+Translation+AND+emotion
2018-12-28 18:16:35,266 - elsapy.elsclient - INFO - Sending GET request to https://api.elsevier.com/content/search/scopus?cursor=AoNazv1MCEMiO2UyMi1zMi4wLTg1MDQ2MDc5NjU4&count=25&query=Machine+Translation+AND+emotion
2018-12-28 18:16:37,486 - elsapy.elsclient - INFO - Sending GET request to https://api.elsevier.com/content/search/scopus?cursor=AoNWyf1MCDDXkdsyMi1zMi4wLTg1MDIwNTYzNDUw&count=25&query=Machine+Translation+AND+emotion
2018-12-28 18:16:39,756 - elsapy.elsclient - INFO - Sending GET request to https://api.elsevier.com/content/search/scopus?cursor=AoNVyP1MCEYdZ5YyMi1zMi4wLTg1MDUzMjc0MjM3&count=25&query=Machine+Translation+AND+emotion
2018-12-28 18:16:42,403 - elsapy.elsclient - INFO - Sending GET request to https://api.elsevier.com/content/search/scopus?cursor=AoNVyP1MCEVVogwyMi1zMi4wLTg1MDU4NjU5NDk2&count=25&query=Machine+Translation+AND+emotion
2018-12-28 18:16:44,396 - elsapy.elsclient - INFO - Sending GET request to https://api.elsevier.com/content/search/scopus?cursor=AoNVyP1MCENVpTwyMi1zMi4wLTg1MDU4MjA3Mzk4&count=25&query=Machine+Translation+AND+emotion
2018-12-28 18:16:46,612 - elsapy.elsclient - INFO - Sending GET request to https://api.elsevier.com/content/search/scopus?cursor=AoNVyP1MCDG6zfwyMi1zMi4wLTg1MDUzODM1MDI2&count=25&query=Machine+Translation+AND+emotion
2018-12-28 18:16:48,738 - elsapy.elsclient - INFO - Sending GET request to https://api.elsevier.com/content/search/scopus?cursor=AoNVyP1MCDFkL9AyMi1zMi4wLTg1MDU3MjQ4ODI2&count=25&query=Machine+Translation+AND+emotion
2018-12-28 18:16:50,574 - elsapy.elsclient - INFO - Sending GET request to https://api.elsevier.com/content/search/scopus?cursor=AoNVyP1MCDE06cwyMi1zMi4wLTg1MDU1NDg4NjIx&count=25&query=Machine+Translation+AND+emotion
2018-12-28 18:16:52,488 - elsapy.elsclient - INFO - Sending GET request to https://api.elsevier.com/content/search/scopus?cursor=AoNVyP1MCDEUcxgyMi1zMi4wLTg1MDUzMzE5MTgz&count=25&query=Machine+Translation+AND+emotion
2018-12-28 18:16:54,875 - elsapy.elsclient - INFO - Sending GET request to https://api.elsevier.com/content/search/scopus?cursor=AoNVyP1MCDDgKmEyMi1zMi4wLTg1MDQxMDU2MjMy&count=25&query=Machine+Translation+AND+emotion
2018-12-28 18:16:57,284 - elsapy.elsclient - INFO - Sending GET request to https://api.elsevier.com/content/search/scopus?cursor=AoNVyP1MCDCVcZYyMi1zMi4wLTg1MDUxNjE0NDA3&count=25&query=Machine+Translation+AND+emotion
2018-12-28 18:16:59,293 - elsapy.elsclient - INFO - Sending GET request to https://api.elsevier.com/content/search/scopus?cursor=AoNVnflMCEWhVIcyMi1zMi4wLTg1MDUwMjk1NjQ0&count=25&query=Machine+Translation+AND+emotion
2018-12-28 18:17:01,294 - elsapy.elsclient - INFO - Sending GET request to https://api.elsevier.com/content/search/scopus?cursor=AoNRnPlMCDE9YKUyMi1zMi4wLTg1MDMyOTA2NzEx&count=25&query=Machine+Translation+AND+emotion
2018-12-28 18:17:03,886 - elsapy.elsclient - INFO - Sending GET request to https://api.elsevier.com/content/search/scopus?cursor=AoNVlvlMCDCzR2MyMi1zMi4wLTg1MDQ3MTk4ODQ1&count=25&query=Machine+Translation+AND+emotion
2018-12-28 18:17:05,872 - elsapy.elsclient - INFO - Sending GET request to https://api.elsevier.com/content/search/scopus?cursor=AoNbj%2FlMCEVLflUyMi1zMi4wLTg0OTg5MjQ1NTAz&count=25&query=Machine+Translation+AND+emotion
2018-12-28 18:17:08,788 - elsapy.elsclient - INFO - Sending GET request to https://api.elsevier.com/content/search/scopus?cursor=AoNZiflMCDFe2iYyMi1zMi4wLTg1MDMxNzM4NTYy&count=25&query=Machine+Translation+AND+emotion
2018-12-28 18:17:10,938 - elsapy.elsclient - INFO - Sending GET request to https://api.elsevier.com/content/search/scopus?cursor=AoNTg%2FlMCEYVdbcyMi1zMi4wLTg1MDMwMjIwMDcz&count=25&query=Machine+Translation+AND+emotion
2018-12-28 18:17:12,942 - elsapy.elsclient - INFO - Sending GET request to https://api.elsevier.com/content/search/scopus?cursor=AoNd%2FPhMCEWpy0IyMi1zMi4wLTg1MDIxNzY0NDQw&count=25&query=Machine+Translation+AND+emotion
2018-12-28 18:17:15,023 - elsapy.elsclient - INFO - Sending GET request to https://api.elsevier.com/content/search/scopus?cursor=AoNZ9vhMCEYvQOQyMi1zMi4wLTg1MDE4MzAwMTM4&count=25&query=Machine+Translation+AND+emotion
2018-12-28 18:17:17,098 - elsapy.elsclient - INFO - Sending GET request to https://api.elsevier.com/content/search/scopus?cursor=AoNV8PhMCEVLflUyMi1zMi4wLTg1MDIwOTQ0MzEx&count=25&query=Machine+Translation+AND+emotion
2018-12-28 18:17:19,406 - elsapy.elsclient - INFO - Sending GET request to https://api.elsevier.com/content/search/scopus?cursor=AoNR6vhMCDDeW28yMi1zMi4wLTg1MDEyMDg3NzY0&count=25&query=Machine+Translation+AND+emotion
2018-12-28 18:17:21,406 - elsapy.elsclient - INFO - Sending GET request to https://api.elsevier.com/content/search/scopus?cursor=AoNR3%2FhMCDFiKhcyMi1zMi4wLTg1MDE0Nzc5OTc5&count=25&query=Machine+Translation+AND+emotion
2018-12-28 18:17:23,887 - elsapy.elsclient - INFO - Sending GET request to https://api.elsevier.com/content/search/scopus?cursor=AoNW2PhMCEZGKQ0yMi1zMi4wLTg1MDExMDE2NDAy&count=25&query=Machine+Translation+AND+emotion
2018-12-28 18:17:28,343 - elsapy.elsclient - INFO - Sending GET request to https://api.elsevier.com/content/search/scopus?cursor=AoNV1%2FhMCEWr9BMyMi1zMi4wLTg1MDIxNzE1MDA3&count=25&query=Machine+Translation+AND+emotion
2018-12-28 18:17:30,774 - elsapy.elsclient - INFO - Sending GET request to https://api.elsevier.com/content/search/scopus?cursor=AoNV1%2FhMCEPP%2FTwyMi1zMi4wLTg1MDM0MjUyOTYy&count=25&query=Machine+Translation+AND+emotion
2018-12-28 18:17:33,010 - elsapy.elsclient - INFO - Sending GET request to https://api.elsevier.com/content/search/scopus?cursor=AoNV1%2FhMCDGMAjoyMi1zMi4wLTg1MDIxODEwODEz&count=25&query=Machine+Translation+AND+emotion
2018-12-28 18:17:35,234 - elsapy.elsclient - INFO - Sending GET request to https://api.elsevier.com/content/search/scopus?cursor=AoNV1%2FhMCDE6zfwyMi1zMi4wLTg1MDQ0MzE0NDEx&count=25&query=Machine+Translation+AND+emotion
2018-12-28 18:17:38,018 - elsapy.elsclient - INFO - Sending GET request to https://api.elsevier.com/content/search/scopus?cursor=AoNV1%2FhMCDDf5C8yMi1zMi4wLTg1MDI4OTE0Mzcx&count=25&query=Machine+Translation+AND+emotion
2018-12-28 18:17:40,046 - elsapy.elsclient - INFO - Sending GET request to https://api.elsevier.com/content/search/scopus?cursor=AoNV1%2FhMCDCwlsEyMi1zMi4wLTg1MDQ5MjgyNTY5&count=25&query=Machine+Translation+AND+emotion
2018-12-28 18:17:42,243 - elsapy.elsclient - INFO - Sending GET request to https://api.elsevier.com/content/search/scopus?cursor=AoNV1%2FhMCDB3g%2BEyMi1zMi4wLTg1MDIwMDQ2OTA5&count=25&query=Machine+Translation+AND+emotion
2018-12-28 18:17:44,308 - elsapy.elsclient - INFO - Sending GET request to https://api.elsevier.com/content/search/scopus?cursor=AoNRq%2FRMCENAUNYyMi1zMi4wLTg0OTc1NzU4Njgz&count=25&query=Machine+Translation+AND+emotion
2018-12-28 18:17:46,425 - elsapy.elsclient - INFO - Sending GET request to https://api.elsevier.com/content/search/scopus?cursor=AoNdpPRMCEXHPPcyMi1zMi4wLTg0OTk1NjEyNDAx&count=25&query=Machine+Translation+AND+emotion
2018-12-28 18:17:48,805 - elsapy.elsclient - INFO - Sending GET request to https://api.elsevier.com/content/search/scopus?cursor=AoNZnvRMCDFe3noyMi1zMi4wLTg0OTk0NTIxODY4&count=25&query=Machine+Translation+AND+emotion
2018-12-28 18:17:50,900 - elsapy.elsclient - INFO - Sending GET request to https://api.elsevier.com/content/search/scopus?cursor=AoNVmPRMCDCrlsAyMi1zMi4wLTg0OTg4NjY2Njcy&count=25&query=Machine+Translation+AND+emotion
2018-12-28 18:17:53,286 - elsapy.elsclient - INFO - Sending GET request to https://api.elsevier.com/content/search/scopus?cursor=AoNTjPRMCELxtlUyMi1zMi4wLTg1MDIxMDA0MDgy&count=25&query=Machine+Translation+AND+emotion
2018-12-28 18:17:55,188 - elsapy.elsclient - INFO - Sending GET request to https://api.elsevier.com/content/search/scopus?cursor=AoNZhfRMCDECw2MyMi1zMi4wLTg0OTczMzQ2MDMx&count=25&query=Machine+Translation+AND+emotion
2018-12-28 18:17:57,177 - elsapy.elsclient - INFO - Sending GET request to https://api.elsevier.com/content/search/scopus?cursor=AoNT%2BvNMCEOAL%2FAyMi1zMi4wLTg1MDUyNDgzMjkw&count=25&query=Machine+Translation+AND+emotion
2018-12-28 18:17:59,209 - elsapy.elsclient - INFO - Sending GET request to https://api.elsevier.com/content/search/scopus?cursor=AoNZ9PNMCDE6zfwyMi1zMi4wLTg0OTk0MjU5Nzk0&count=25&query=Machine+Translation+AND+emotion
2018-12-28 18:18:01,223 - elsapy.elsclient - INFO - Sending GET request to https://api.elsevier.com/content/search/scopus?cursor=AoNZ7PNMCEUGGgkyMi1zMi4wLTg0OTQ5Njg0ODk5&count=25&query=Machine+Translation+AND+emotion
2018-12-28 18:18:04,036 - elsapy.elsclient - INFO - Sending GET request to https://api.elsevier.com/content/search/scopus?cursor=AoNV5vNMCEYQ4agyMi1zMi4wLTg0OTgxMjc4MjI3&count=25&query=Machine+Translation+AND+emotion
2018-12-28 18:18:06,152 - elsapy.elsclient - INFO - Sending GET request to https://api.elsevier.com/content/search/scopus?cursor=AoNV5vNMCEOQPKAyMi1zMi4wLTg1MDE3MDY0NDgw&count=25&query=Machine+Translation+AND+emotion
2018-12-28 18:18:08,371 - elsapy.elsclient - INFO - Sending GET request to https://api.elsevier.com/content/search/scopus?cursor=AoNV5vNMCDGe%2BRoyMi1zMi4wLTg0OTk0MzM1NDMz&count=25&query=Machine+Translation+AND+emotion
2018-12-28 18:18:10,356 - elsapy.elsclient - INFO - Sending GET request to https://api.elsevier.com/content/search/scopus?cursor=AoNV5vNMCDFIB2UyMi1zMi4wLTg0OTk0MzAwNDAy&count=25&query=Machine+Translation+AND+emotion
2018-12-28 18:18:12,336 - elsapy.elsclient - INFO - Sending GET request to https://api.elsevier.com/content/search/scopus?cursor=AoNV5vNMCDESF7IyMi1zMi4wLTg1MDA3MTczODU5&count=25&query=Machine+Translation+AND+emotion
2018-12-28 18:18:14,660 - elsapy.elsclient - INFO - Sending GET request to https://api.elsevier.com/content/search/scopus?cursor=AoNV5vNMCDDKa0cyMi1zMi4wLTg1MDIxNzU4NDQ3&count=25&query=Machine+Translation+AND+emotion
2018-12-28 18:18:17,177 - elsapy.elsclient - INFO - Sending GET request to https://api.elsevier.com/content/search/scopus?cursor=AoNV5vNMCDCeUKoyMi1zMi4wLTg0OTc4NzAxOTE0&count=25&query=Machine+Translation+AND+emotion
2018-12-28 18:18:19,722 - elsapy.elsclient - INFO - Sending GET request to https://api.elsevier.com/content/search/scopus?cursor=AoNWu%2B9MCDCCsnwyMi1zMi4wLTg0OTYwNDI2MTk0&count=25&query=Machine+Translation+AND+emotion
2018-12-28 18:18:21,838 - elsapy.elsclient - INFO - Sending GET request to https://api.elsevier.com/content/search/scopus?cursor=AoNVr%2B9MCDEtAf8yMi1zMi4wLTg0OTQyNTA1MTk5&count=25&query=Machine+Translation+AND+emotion
2018-12-28 18:18:24,779 - elsapy.elsclient - INFO - Sending GET request to https://api.elsevier.com/content/search/scopus?cursor=AoNUou9MCDA%2F6CgyMi1zMi4wLTg0OTQ1MzkzNjA4&count=25&query=Machine+Translation+AND+emotion
2018-12-28 18:18:27,052 - elsapy.elsclient - INFO - Sending GET request to https://api.elsevier.com/content/search/scopus?cursor=AoNVlu9MCDC4bi8yMi1zMi4wLTg0OTU3MDc5MTM0&count=25&query=Machine+Translation+AND+emotion
2018-12-28 18:18:29,628 - elsapy.elsclient - INFO - Sending GET request to https://api.elsevier.com/content/search/scopus?cursor=AoNcie9MCEUAb8MyMi1zMi4wLTg0OTM3MjA4NTI3&count=25&query=Machine+Translation+AND+emotion
2018-12-28 18:18:31,835 - elsapy.elsclient - INFO - Sending GET request to https://api.elsevier.com/content/search/scopus?cursor=AoNV9e5MCEYc%2FSoyMi1zMi4wLTg0OTI1Mjg0NDE0&count=25&query=Machine+Translation+AND+emotion
2018-12-28 18:18:33,908 - elsapy.elsclient - INFO - Sending GET request to https://api.elsevier.com/content/search/scopus?cursor=AoNV9e5MCEU4Vm0yMi1zMi4wLTg0OTQ0OTA4OTYw&count=25&query=Machine+Translation+AND+emotion
2018-12-28 18:18:36,068 - elsapy.elsclient - INFO - Sending GET request to https://api.elsevier.com/content/search/scopus?cursor=AoNV9e5MCENAUNYyMi1zMi4wLTg0OTQzNjQ4NDQ5&count=25&query=Machine+Translation+AND+emotion
2018-12-28 18:18:38,266 - elsapy.elsclient - INFO - Sending GET request to https://api.elsevier.com/content/search/scopus?cursor=AoNV9e5MCDF46yMyMi1zMi4wLTg0OTM5NDY0MTUw&count=25&query=Machine+Translation+AND+emotion
2018-12-28 18:18:40,284 - elsapy.elsclient - INFO - Sending GET request to https://api.elsevier.com/content/search/scopus?cursor=AoNV9e5MCDEnmS0yMi1zMi4wLTg0OTM3OTcyNDUx&count=25&query=Machine+Translation+AND+emotion
2018-12-28 18:18:42,541 - elsapy.elsclient - INFO - Sending GET request to https://api.elsevier.com/content/search/scopus?cursor=AoNV9e5MCDEGdYoyMi1zMi4wLTg0OTU0MzI1NjU2&count=25&query=Machine+Translation+AND+emotion
2018-12-28 18:18:45,207 - elsapy.elsclient - INFO - Sending GET request to https://api.elsevier.com/content/search/scopus?cursor=AoNV9e5MCDDLMd0yMi1zMi4wLTg0OTUzMzc0OTY1&count=25&query=Machine+Translation+AND+emotion
2018-12-28 18:18:47,359 - elsapy.elsclient - INFO - Sending GET request to https://api.elsevier.com/content/search/scopus?cursor=AoNV9e5MCDCQFeQyMi1zMi4wLTg0OTUyMDMyNDQw&count=25&query=Machine+Translation+AND+emotion
2018-12-28 18:18:49,516 - elsapy.elsclient - INFO - Sending GET request to https://api.elsevier.com/content/search/scopus?cursor=AoNV9e5MCDAf7CIyMi1zMi4wLTg0OTUxMDE2NDY4&count=25&query=Machine+Translation+AND+emotion
2018-12-28 18:18:52,429 - elsapy.elsclient - INFO - Sending GET request to https://api.elsevier.com/content/search/scopus?cursor=AoNSvepMCDBf5C8yMi1zMi4wLTg0OTc3NjEwMTMw&count=25&query=Machine+Translation+AND+emotion
2018-12-28 18:18:54,555 - elsapy.elsclient - INFO - Sending GET request to https://api.elsevier.com/content/search/scopus?cursor=AoNfpOpMCDAMBS0yMi1zMi4wLTg0OTI2MTEwOTkz&count=25&query=Machine+Translation+AND+emotion
2018-12-28 18:18:56,850 - elsapy.elsclient - INFO - Sending GET request to https://api.elsevier.com/content/search/scopus?cursor=AoNQkepMCEUAb8MyMi1zMi4wLTg0ODk0NjAwMTY2&count=25&query=Machine+Translation+AND+emotion
2018-12-28 18:18:59,029 - elsapy.elsclient - INFO - Sending GET request to https://api.elsevier.com/content/search/scopus?cursor=AoNVhOpMCEYOmRgyMi1zMi4wLTg0OTE1Nzc1NDgx&count=25&query=Machine+Translation+AND+emotion
2018-12-28 18:19:01,006 - elsapy.elsclient - INFO - Sending GET request to https://api.elsevier.com/content/search/scopus?cursor=AoNVhOpMCEVil8QyMi1zMi4wLTg0OTU4NTIyMTcz&count=25&query=Machine+Translation+AND+emotion
2018-12-28 18:19:04,145 - elsapy.elsclient - INFO - Sending GET request to https://api.elsevier.com/content/search/scopus?cursor=AoNVhOpMCENwZQwyMi1zMi4wLTg0OTIyMzc4OTM3&count=25&query=Machine+Translation+AND+emotion
2018-12-28 18:19:07,267 - elsapy.elsclient - INFO - Sending GET request to https://api.elsevier.com/content/search/scopus?cursor=AoNVhOpMCDGLf14yMi1zMi4wLTg1MDMxNzQwNzk4&count=25&query=Machine+Translation+AND+emotion
2018-12-28 18:19:10,399 - elsapy.elsclient - INFO - Sending GET request to https://api.elsevier.com/content/search/scopus?cursor=AoNVhOpMCDE9YKUyMi1zMi4wLTg0OTM4ODE4MzI1&count=25&query=Machine+Translation+AND+emotion
2018-12-28 18:19:12,499 - elsapy.elsclient - INFO - Sending GET request to https://api.elsevier.com/content/search/scopus?cursor=AoNVhOpMCDECx%2FkyMi1zMi4wLTg0OTQyNjA5OTcx&count=25&query=Machine+Translation+AND+emotion
2018-12-28 18:19:14,846 - elsapy.elsclient - INFO - Sending GET request to https://api.elsevier.com/content/search/scopus?cursor=AoNVhOpMCDDP05IyMi1zMi4wLTg0OTA5MjY5ODIz&count=25&query=Machine+Translation+AND+emotion
2018-12-28 18:19:18,006 - elsapy.elsclient - INFO - Sending GET request to https://api.elsevier.com/content/search/scopus?cursor=AoNVhOpMCDCWS9UyMi1zMi4wLTg0OTUyNzgxMDU0&count=25&query=Machine+Translation+AND+emotion
2018-12-28 18:19:24,633 - elsapy.elsclient - INFO - Sending GET request to https://api.elsevier.com/content/search/scopus?cursor=AoNf2eVMCENt%2BoYyMi1zMi4wLTg0ODkxMDY4MDY2&count=25&query=Machine+Translation+AND+emotion
2018-12-28 18:19:26,596 - elsapy.elsclient - INFO - Sending GET request to https://api.elsevier.com/content/search/scopus?cursor=AoNR2OVMCDEwlsEyMi1zMi4wLTg0ODkzNDk1MjY3&count=25&query=Machine+Translation+AND+emotion
2018-12-28 18:19:29,673 - elsapy.elsclient - INFO - Sending GET request to https://api.elsevier.com/content/search/scopus?cursor=AoNazOVMCEYtqpgyMi1zMi4wLTg0ODkwNDY2NzM4&count=25&query=Machine+Translation+AND+emotion
2018-12-28 18:19:33,806 - elsapy.elsclient - INFO - Sending GET request to https://api.elsevier.com/content/search/scopus?cursor=AoNVxeVMCDFIKKoyMi1zMi4wLTg0ODgzMzM1MTkx&count=25&query=Machine+Translation+AND+emotion
2018-12-28 18:19:36,347 - elsapy.elsclient - INFO - Sending GET request to https://api.elsevier.com/content/search/scopus?cursor=AoNYueVMCERxFngyMi1zMi4wLTg0ODc5ODQ2NzI5&count=25&query=Machine+Translation+AND+emotion
2018-12-28 18:19:38,550 - elsapy.elsclient - INFO - Sending GET request to https://api.elsevier.com/content/search/scopus?cursor=AoNTpuVMCEMXEfUyMi1zMi4wLTg0ODc1NTIzMDQx&count=25&query=Machine+Translation+AND+emotion
2018-12-28 18:19:40,674 - elsapy.elsclient - INFO - Sending GET request to https://api.elsevier.com/content/search/scopus?cursor=AoNclOVMCDA9goAyMi1zMi4wLTg0OTIyMjY5MTk4&count=25&query=Machine+Translation+AND+emotion
2018-12-28 18:19:42,713 - elsapy.elsclient - INFO - Sending GET request to https://api.elsevier.com/content/search/scopus?cursor=AoNVk%2BVMCEON8%2FgyMi1zMi4wLTg0OTI0NDI3NTM3&count=25&query=Machine+Translation+AND+emotion
2018-12-28 18:19:44,705 - elsapy.elsclient - INFO - Sending GET request to https://api.elsevier.com/content/search/scopus?cursor=AoNVk%2BVMCDEf7CIyMi1zMi4wLTg0OTA2OTI4Mjk2&count=25&query=Machine+Translation+AND+emotion
2018-12-28 18:19:46,772 - elsapy.elsclient - INFO - Sending GET request to https://api.elsevier.com/content/search/scopus?cursor=AoNVk%2BVMCDCnudUyMi1zMi4wLTg0OTQyMDk4Nzk4&count=25&query=Machine+Translation+AND+emotion
2018-12-28 18:19:48,928 - elsapy.elsclient - INFO - Sending GET request to https://api.elsevier.com/content/search/scopus?cursor=AoNVk%2BVMCDBjCoQyMi1zMi4wLTg0OTI1NzI3MzE4&count=25&query=Machine+Translation+AND+emotion
2018-12-28 18:19:51,307 - elsapy.elsclient - INFO - Sending GET request to https://api.elsevier.com/content/search/scopus?cursor=AoNR5%2BBMCEWdx2UyMi1zMi4wLTg0ODkxMTE3MTY5&count=25&query=Machine+Translation+AND+emotion
2018-12-28 18:19:53,272 - elsapy.elsclient - INFO - Sending GET request to https://api.elsevier.com/content/search/scopus?cursor=AoNR5%2BBMCDC2nZ4yMi1zMi4wLTg0OTAwNzgxMzI0&count=25&query=Machine+Translation+AND+emotion
2018-12-28 18:19:56,581 - elsapy.elsclient - INFO - Sending GET request to https://api.elsevier.com/content/search/scopus?cursor=AoNa2%2BBMCDEl8hcyMi1zMi4wLTg0ODc1OTQzMTg4&count=25&query=Machine+Translation+AND+emotion
2018-12-28 18:19:58,769 - elsapy.elsclient - INFO - Sending GET request to https://api.elsevier.com/content/search/scopus?cursor=AoNe1OBMCDCnrf0yMi1zMi4wLTg1MDA5MzMyNzk1&count=25&query=Machine+Translation+AND+emotion
2018-12-28 18:20:01,519 - elsapy.elsclient - INFO - Sending GET request to https://api.elsevier.com/content/search/scopus?cursor=AoNcvOBMCDDXmKYyMi1zMi4wLTg0ODY1NTM3NTEy&count=25&query=Machine+Translation+AND+emotion
2018-12-28 18:20:04,408 - elsapy.elsclient - INFO - Sending GET request to https://api.elsevier.com/content/search/scopus?cursor=AoNSsOBMCDFgGTwyMi1zMi4wLTg0OTIxNTc3NzA0&count=25&query=Machine+Translation+AND+emotion
2018-12-28 18:20:06,518 - elsapy.elsclient - INFO - Sending GET request to https://api.elsevier.com/content/search/scopus?cursor=AoNXo%2BBMCDEYWfoyMi1zMi4wLTg0OTIyMzMwNjI5&count=25&query=Machine+Translation+AND+emotion
2018-12-28 18:20:08,414 - elsapy.elsclient - INFO - Sending GET request to https://api.elsevier.com/content/search/scopus?cursor=AoNVouBMCENAUNYyMi1zMi4wLTg0ODU2ODg4MzE2&count=25&query=Machine+Translation+AND+emotion
2018-12-28 18:20:10,643 - elsapy.elsclient - INFO - Sending GET request to https://api.elsevier.com/content/search/scopus?cursor=AoNVouBMCDDc1BQyMi1zMi4wLTg0OTU1NDA1NDgz&count=25&query=Machine+Translation+AND+emotion
2018-12-28 18:20:12,792 - elsapy.elsclient - INFO - Sending GET request to https://api.elsevier.com/content/search/scopus?cursor=AoNVouBMCDCfbP4yMi1zMi4wLTg0OTA5MjAwNDky&count=25&query=Machine+Translation+AND+emotion
2018-12-28 18:20:15,210 - elsapy.elsclient - INFO - Sending GET request to https://api.elsevier.com/content/search/scopus?cursor=AoNVouBMCDBAHTAyMi1zMi4wLTg0OTIyNTQ5MDM5&count=25&query=Machine+Translation+AND+emotion
2018-12-28 18:20:17,543 - elsapy.elsclient - INFO - Sending GET request to https://api.elsevier.com/content/search/scopus?cursor=AoNR9ttMCDGhwjMyMi1zMi4wLTg0ODU5MDQwNzA1&count=25&query=Machine+Translation+AND+emotion
2018-12-28 18:20:19,669 - elsapy.elsclient - INFO - Sending GET request to https://api.elsevier.com/content/search/scopus?cursor=AoNf79tMCDBUEiIyMi1zMi4wLTg0ODY0NzkwMjk1&count=25&query=Machine+Translation+AND+emotion
2018-12-28 18:20:21,744 - elsapy.elsclient - INFO - Sending GET request to https://api.elsevier.com/content/search/scopus?cursor=AoNd49tMCDGQPLgyMi1zMi4wLTgwMDUyMzk3NTA2&count=25&query=Machine+Translation+AND+emotion
2018-12-28 18:20:23,741 - elsapy.elsclient - INFO - Sending GET request to https://api.elsevier.com/content/search/scopus?cursor=AoNVyttMCDFgKmEyMi1zMi4wLTc5OTUzMjQyMjAx&count=25&query=Machine+Translation+AND+emotion
2018-12-28 18:20:25,855 - elsapy.elsclient - INFO - Sending GET request to https://api.elsevier.com/content/search/scopus?cursor=AoNVsdtMCEX%2Bj7gyMi1zMi4wLTg0OTQ3OTI3ODk0&count=25&query=Machine+Translation+AND+emotion
2018-12-28 18:20:28,263 - elsapy.elsclient - INFO - Sending GET request to https://api.elsevier.com/content/search/scopus?cursor=AoNVsdtMCDDI4mgyMi1zMi4wLTg1MDE0MjM1OTIw&count=25&query=Machine+Translation+AND+emotion
2018-12-28 18:20:30,468 - elsapy.elsclient - INFO - Sending GET request to https://api.elsevier.com/content/search/scopus?cursor=AoNVsdtMCDBLeJsyMi1zMi4wLTc3OTU3MzYxNzU0&count=25&query=Machine+Translation+AND+emotion
2018-12-28 18:20:32,458 - elsapy.elsclient - INFO - Sending GET request to https://api.elsevier.com/content/search/scopus?cursor=AoNRhddMCDF%2F4DYyMi1zMi4wLTc5NTUxNTU5NTI5&count=25&query=Machine+Translation+AND+emotion
2018-12-28 18:20:34,605 - elsapy.elsclient - INFO - Sending GET request to https://api.elsevier.com/content/search/scopus?cursor=AoNSgNdMCEWmpGgyMi1zMi4wLTc4MzQ5Mjc0MDU2&count=25&query=Machine+Translation+AND+emotion
2018-12-28 18:20:36,816 - elsapy.elsclient - INFO - Sending GET request to https://api.elsevier.com/content/search/scopus?cursor=AoNV4dZMCDFvdcMyMi1zMi4wLTg0ODYyMjMxOTU1&count=25&query=Machine+Translation+AND+emotion
2018-12-28 18:20:38,724 - elsapy.elsclient - INFO - Sending GET request to https://api.elsevier.com/content/search/scopus?cursor=AoNSztZMCDComdUyMi1zMi4wLTg0OTI0MDE2Mzkz&count=25&query=Machine+Translation+AND+emotion
2018-12-28 18:20:41,225 - elsapy.elsclient - INFO - Sending GET request to https://api.elsevier.com/content/search/scopus?cursor=AoNVwNZMCDFf5C8yMi1zMi4wLTg0OTc2NTIwOTg2&count=25&query=Machine+Translation+AND+emotion
2018-12-28 18:20:43,752 - elsapy.elsclient - INFO - Sending GET request to https://api.elsevier.com/content/search/scopus?cursor=AoNVwNZMCDCCw2MyMi1zMi4wLTg0OTI3MDI5MTU4&count=25&query=Machine+Translation+AND+emotion
2018-12-28 18:20:45,992 - elsapy.elsclient - INFO - Sending GET request to https://api.elsevier.com/content/search/scopus?cursor=AoNRlNJMCEOH%2FN8yMi1zMi4wLTc3OTQ5NDE1MjE5&count=25&query=Machine+Translation+AND+emotion
2018-12-28 18:20:48,686 - elsapy.elsclient - INFO - Sending GET request to https://api.elsevier.com/content/search/scopus?cursor=AoNRlNJMCDAXgIQyMi1zMi4wLTg0ODk4Mzk0NzEz&count=25&query=Machine+Translation+AND+emotion
2018-12-28 18:20:50,621 - elsapy.elsclient - INFO - Sending GET request to https://api.elsevier.com/content/search/scopus?cursor=AoNWgdJMCDEf7CIyMi1zMi4wLTg0OTI0MDA2OTQw&count=25&query=Machine+Translation+AND+emotion
2018-12-28 18:20:52,852 - elsapy.elsclient - INFO - Sending GET request to https://api.elsevier.com/content/search/scopus?cursor=AoNV6NFMCDDC3LEyMi1zMi4wLTY4MzQ5MDkxODM5&count=25&query=Machine+Translation+AND+emotion
2018-12-28 18:20:54,958 - elsapy.elsclient - INFO - Sending GET request to https://api.elsevier.com/content/search/scopus?cursor=AoNVz9FMCDGObgYyMi1zMi4wLTcyNTQ5MTE5NzI3&count=25&query=Machine+Translation+AND+emotion
2018-12-28 18:20:57,228 - elsapy.elsclient - INFO - Sending GET request to https://api.elsevier.com/content/search/scopus?cursor=AoNVz9FMCDBY8%2BcyMi1zMi4wLTg0OTI0MTQ2NDAx&count=25&query=Machine+Translation+AND+emotion
2018-12-28 18:20:59,385 - elsapy.elsclient - INFO - Sending GET request to https://api.elsevier.com/content/search/scopus?cursor=AoNRo81MCDGSF7IyMi1zMi4wLTcwMzQ5NDg4ODc4&count=25&query=Machine+Translation+AND+emotion
2018-12-28 18:21:01,567 - elsapy.elsclient - INFO - Sending GET request to https://api.elsevier.com/content/search/scopus?cursor=AoNWkc1MCEUAb8MyMi1zMi4wLTUxNjQ5MTEyNDc0&count=25&query=Machine+Translation+AND+emotion
2018-12-28 18:21:04,346 - elsapy.elsclient - INFO - Sending GET request to https://api.elsevier.com/content/search/scopus?cursor=AoNd%2FcxMCENKyj4yMi1zMi4wLTg0OTE3MTQ5ODMw&count=25&query=Machine+Translation+AND+emotion
2018-12-28 18:21:06,485 - elsapy.elsclient - INFO - Sending GET request to https://api.elsevier.com/content/search/scopus?cursor=AoNV3sxMCDGNRWcyMi1zMi4wLTM3NzQ5MDEzNjUy&count=25&query=Machine+Translation+AND+emotion
2018-12-28 18:21:08,643 - elsapy.elsclient - INFO - Sending GET request to https://api.elsevier.com/content/search/scopus?cursor=AoNUs8hMCDGKfDIyMi1zMi4wLTM3MTQ5MDEzMDg1&count=25&query=Machine+Translation+AND+emotion
2018-12-28 18:21:10,767 - elsapy.elsclient - INFO - Sending GET request to https://api.elsevier.com/content/search/scopus?cursor=AoNarchMCDBleUQyMi1zMi4wLTg0ODg5MzMwNDM0&count=25&query=Machine+Translation+AND+emotion
2018-12-28 18:21:12,943 - elsapy.elsclient - INFO - Sending GET request to https://api.elsevier.com/content/search/scopus?cursor=AoNVhshMCEULxE8yMi1zMi4wLTM0MjUwMzA1NTc0&count=25&query=Machine+Translation+AND+emotion
2018-12-28 18:21:14,920 - elsapy.elsclient - INFO - Sending GET request to https://api.elsevier.com/content/search/scopus?cursor=AoNV7cdMCDC2N4YyMi1zMi4wLTg0OTAzMTY4MzAz&count=25&query=Machine+Translation+AND+emotion
2018-12-28 18:21:17,360 - elsapy.elsclient - INFO - Sending GET request to https://api.elsevier.com/content/search/scopus?cursor=AoNRwcNMCDE%2F6CgyMi1zMi4wLTg0ODgwMjU5ODkz&count=25&query=Machine+Translation+AND+emotion
2018-12-28 18:21:19,383 - elsapy.elsclient - INFO - Sending GET request to https://api.elsevier.com/content/search/scopus?cursor=AoNdocNMCDD%2F4DYyMi1zMi4wLTg0OTg2MTcyNTA3&count=25&query=Machine+Translation+AND+emotion
2018-12-28 18:21:21,559 - elsapy.elsclient - INFO - Sending GET request to https://api.elsevier.com/content/search/scopus?cursor=AoNV%2FMJMCDD%2F4DYyMi1zMi4wLTMwOTQ0NDQ1MTk2&count=25&query=Machine+Translation+AND+emotion
2018-12-28 18:21:23,752 - elsapy.elsclient - INFO - Sending GET request to https://api.elsevier.com/content/search/scopus?cursor=AoNR0L5MCDDexbgyMi1zMi4wLTg0ODk3MzQwNDEw&count=25&query=Machine+Translation+AND+emotion
2018-12-28 18:21:25,801 - elsapy.elsclient - INFO - Sending GET request to https://api.elsevier.com/content/search/scopus?cursor=AoNZqr5MCDEKE0MyMi1zMi4wLTg0ODk3MjY0MjI0&count=25&query=Machine+Translation+AND+emotion
2018-12-28 18:21:27,765 - elsapy.elsclient - INFO - Sending GET request to https://api.elsevier.com/content/search/scopus?cursor=AoNVi75MCDBbI4syMi1zMi4wLTg0OTUwMTE2MjE5&count=25&query=Machine+Translation+AND+emotion
2018-12-28 18:21:29,857 - elsapy.elsclient - INFO - Sending GET request to https://api.elsevier.com/content/search/scopus?cursor=AoNZoLlMCDAf7CIxMi1zMi4wLTQ2NDQyNDc2Nzg%3D&count=25&query=Machine+Translation+AND+emotion
2018-12-28 18:21:32,004 - elsapy.elsclient - INFO - Sending GET request to https://api.elsevier.com/content/search/scopus?cursor=AoNU6bRMCEPi%2BngxMi1zMi4wLTAyNDI1NzYyODI%3D&count=25&query=Machine+Translation+AND+emotion
2018-12-28 18:21:33,970 - elsapy.elsclient - INFO - Sending GET request to https://api.elsevier.com/content/search/scopus?cursor=AoNVqbRMCDFbI4syMi1zMi4wLTM2MzQ5MDEwNDc3&count=25&query=Machine+Translation+AND+emotion
2018-12-28 18:21:35,841 - elsapy.elsclient - INFO - Sending GET request to https://api.elsevier.com/content/search/scopus?cursor=AoNVuK9MCDCSF7IxMi1zMi4wLTAwMzY5NjM3MjI%3D&count=25&query=Machine+Translation+AND+emotion
2018-12-28 18:21:37,648 - elsapy.elsclient - INFO - Sending GET request to https://api.elsevier.com/content/search/scopus?cursor=AoNV1qVMCDDf5C8xMi1zMi4wLTAwMzQ1MjQ0Mjc%3D&count=25&query=Machine+Translation+AND+emotion
2018-12-28 18:21:39,517 - elsapy.elsclient - INFO - Sending GET request to https://api.elsevier.com/content/search/scopus?cursor=AoNVg5dMCEVOMFAxMi1zMi4wLTAwMzExNDA5MzU%3D&count=25&query=Machine+Translation+AND+emotion
2018-12-28 18:21:41,642 - elsapy.elsclient - INFO - Sending GET request to https://api.elsevier.com/content/search/scopus?cursor=AoNRsfVLCEOw7hoyMi1zMi4wLTM0MjQ4ODg1MjI2&count=25&query=Machine+Translation+AND+emotion
